<?xml version="1.0" encoding="UTF-8"?>
<!-- Generated by org.testng.reporters.JUnitXMLReporter -->
<testsuite ignored="0" hostname="Gulzadas-MBP.attlocal.net" failures="1" tests="4" name="Test" time="22.676" errors="0" timestamp="2020-09-15T20:36:54 GMT-04:00">
  <testcase classname="end.assertionValidation" name="validation" time="0.049">
    <failure type="java.lang.AssertionError" message="expected [true] but found [false]">
      <![CDATA[java.lang.AssertionError: expected [true] but found [false]
at end.assertionValidation.validation(assertionValidation.java:25)
at java.base/java.util.ArrayList.forEach(ArrayList.java:1510)
... Removed 31 stack frames]]>
    </failure>
  </testcase> <!-- validation -->
  <testcase classname="end.HomePage" name="HomePagebase" time="7.982"/>
  <testcase classname="end.HomePage" name="HomePagebase" time="2.103"/>
  <testcase classname="end.assertionLog4J" name="validation" time="6.335"/>
</testsuite> <!-- Test -->
