<?xml version="1.0" encoding="UTF-8"?>
<!-- Generated by org.testng.reporters.JUnitXMLReporter -->
<testsuite ignored="0" hostname="Gulzadas-MBP.attlocal.net" failures="0" tests="3" name="Test" time="19.038" errors="0" timestamp="2020-09-15T13:30:31 GMT-04:00">
  <testcase classname="end.HomePage" name="HomePagebase" time="7.421"/>
  <testcase classname="end.HomePage" name="HomePagebase" time="6.47"/>
  <testcase classname="end.assertionValidation" name="validation" time="5.115"/>
</testsuite> <!-- Test -->
